<?xml version="1.0" encoding="UTF-8"?>
<testsuite xmlns:xsi="http://www.w3.org/2001/XMLSchema-instance" xsi:noNamespaceSchemaLocation="https://maven.apache.org/surefire/maven-surefire-plugin/xsd/surefire-test-report.xsd" name="linearalgebra.MatrixTest" time="0.04" tests="99" errors="0" skipped="0" failures="0">
  <properties>
[...]
</properties>
  <testcase name="testSetColumn_Array" classname="linearalgebra.MatrixTest" time="0"/>
  <testcase name="testDeterminant_Exception" classname="linearalgebra.MatrixTest" time="0"/>
  <testcase name="testToRowVectors" classname="linearalgebra.MatrixTest" time="0"/>
  <testcase name="testGetNumRows" classname="linearalgebra.MatrixTest" time="0"/>
  <testcase name="testGetEntry" classname="linearalgebra.MatrixTest" time="0"/>
  <testcase name="testFromColumnVectors" classname="linearalgebra.MatrixTest" time="0.001"/>
  <testcase name="testIdentityMatrix" classname="linearalgebra.MatrixTest" time="0"/>
  <testcase name="testCopyConstructor" classname="linearalgebra.MatrixTest" time="0"/>
  <testcase name="testSetRow_Array_DiffRowLen" classname="linearalgebra.MatrixTest" time="0"/>
  <testcase name="testAdd" classname="linearalgebra.MatrixTest" time="0"/>
  <testcase name="testSubtract" classname="linearalgebra.MatrixTest" time="0"/>
  <testcase name="testSubtract_Exception" classname="linearalgebra.MatrixTest" time="0"/>
  <testcase name="testGetEntries" classname="linearalgebra.MatrixTest" time="0.001"/>
  <testcase name="testSetColumn_Vector_IllegalInput" classname="linearalgebra.MatrixTest" time="0"/>
  <testcase name="testToString" classname="linearalgebra.MatrixTest" time="0"/>
  <testcase name="testDeterminant_Case1" classname="linearalgebra.MatrixTest" time="0"/>
  <testcase name="testDeterminant_Case2" classname="linearalgebra.MatrixTest" time="0.001"/>
  <testcase name="testDeterminant_Case3" classname="linearalgebra.MatrixTest" time="0"/>
  <testcase name="testSwapColumns_Case1" classname="linearalgebra.MatrixTest" time="0.001"/>
  <testcase name="testSwapColumns_Case2" classname="linearalgebra.MatrixTest" time="0"/>
  <testcase name="testSwapColumns_Case3" classname="linearalgebra.MatrixTest" time="0"/>
  <testcase name="testSwapColumns_Case4" classname="linearalgebra.MatrixTest" time="0"/>
  <testcase name="testMultiplyByVector_Exception" classname="linearalgebra.MatrixTest" time="0"/>
  <testcase name="testSetRow_Vector_IllegalInput" classname="linearalgebra.MatrixTest" time="0.001"/>
  <testcase name="testIsUpperTriangular_Case1" classname="linearalgebra.MatrixTest" time="0"/>
  <testcase name="testIsUpperTriangular_Case2" classname="linearalgebra.MatrixTest" time="0"/>
  <testcase name="testIsUpperTriangular_Case3" classname="linearalgebra.MatrixTest" time="0"/>
  <testcase name="testIsSparse_Case1" classname="linearalgebra.MatrixTest" time="0"/>
  <testcase name="testIsSparse_Case2" classname="linearalgebra.MatrixTest" time="0"/>
  <testcase name="testIsSparse_Case3" classname="linearalgebra.MatrixTest" time="0"/>
  <testcase name="testIsSparse_Case4" classname="linearalgebra.MatrixTest" time="0"/>
  <testcase name="testIsSparse_Case5" classname="linearalgebra.MatrixTest" time="0.001"/>
  <testcase name="testIsSparse_Case6" classname="linearalgebra.MatrixTest" time="0"/>
  <testcase name="testSetRow_Array" classname="linearalgebra.MatrixTest" time="0"/>
  <testcase name="testGetEntryInvalidCol" classname="linearalgebra.MatrixTest" time="0"/>
  <testcase name="testGetEntryInvalidRow" classname="linearalgebra.MatrixTest" time="0.001"/>
  <testcase name="testFromRowVectors" classname="linearalgebra.MatrixTest" time="0"/>
  <testcase name="testDropColumn" classname="linearalgebra.MatrixTest" time="0"/>
  <testcase name="testGetNumColumns" classname="linearalgebra.MatrixTest" time="0"/>
  <testcase name="testMultiplyByMatrix_Exception" classname="linearalgebra.MatrixTest" time="0"/>
  <testcase name="testTrace_Case1" classname="linearalgebra.MatrixTest" time="0"/>
  <testcase name="testTrace_Case2" classname="linearalgebra.MatrixTest" time="0"/>
  <testcase name="testTrace_Case3" classname="linearalgebra.MatrixTest" time="0"/>
  <testcase name="testTrace_Case4" classname="linearalgebra.MatrixTest" time="0"/>
  <testcase name="testIdentityMatrixInvalidSize" classname="linearalgebra.MatrixTest" time="0"/>
  <testcase name="testMinorMatrixInvalidColumn" classname="linearalgebra.MatrixTest" time="0.001"/>
  <testcase name="testMultiplyByMatrix" classname="linearalgebra.MatrixTest" time="0"/>
  <testcase name="testSetEntry_InvalidRow" classname="linearalgebra.MatrixTest" time="0"/>
  <testcase name="testSetColumn_Vector_DiffColmLen" classname="linearalgebra.MatrixTest" time="0"/>
  <testcase name="testDropColumnOutOfRange" classname="linearalgebra.MatrixTest" time="0.002"/>
  <testcase name="testMultiplyByScalar" classname="linearalgebra.MatrixTest" time="0"/>
  <testcase name="testMultiplyByVector" classname="linearalgebra.MatrixTest" time="0"/>
  <testcase name="testToColumnVectors" classname="linearalgebra.MatrixTest" time="0"/>
  <testcase name="testSetColumn_Vector" classname="linearalgebra.MatrixTest" time="0"/>
  <testcase name="testAddVectorToRow_Case1" classname="linearalgebra.MatrixTest" time="0"/>
  <testcase name="testAddVectorToRow_Case2" classname="linearalgebra.MatrixTest" time="0.001"/>
  <testcase name="testAddVectorToRow_Case3" classname="linearalgebra.MatrixTest" time="0"/>
  <testcase name="testShape_Case1" classname="linearalgebra.MatrixTest" time="0"/>
  <testcase name="testShape_Case2" classname="linearalgebra.MatrixTest" time="0"/>
  <testcase name="testShape_Case3" classname="linearalgebra.MatrixTest" time="0"/>
  <testcase name="testIsLowerTriangular_Case1" classname="linearalgebra.MatrixTest" time="0"/>
  <testcase name="testIsLowerTriangular_Case2" classname="linearalgebra.MatrixTest" time="0.002"/>
  <testcase name="testIsLowerTriangular_Case3" classname="linearalgebra.MatrixTest" time="0"/>
  <testcase name="testSetRow_Vector" classname="linearalgebra.MatrixTest" time="0"/>
  <testcase name="testSetColumn_Array_DiffColmLen" classname="linearalgebra.MatrixTest" time="0.001"/>
  <testcase name="testTranspose_Case1" classname="linearalgebra.MatrixTest" time="0"/>
  <testcase name="testTranspose_Case2" classname="linearalgebra.MatrixTest" time="0"/>
  <testcase name="testTranspose_Case3" classname="linearalgebra.MatrixTest" time="0"/>
  <testcase name="testTranspose_Case4" classname="linearalgebra.MatrixTest" time="0"/>
  <testcase name="testFromRowVectorsMismatchedLength" classname="linearalgebra.MatrixTest" time="0"/>
  <testcase name="testGetColumn" classname="linearalgebra.MatrixTest" time="0"/>
  <testcase name="testGetColumnOutOfRange" classname="linearalgebra.MatrixTest" time="0.001"/>
  <testcase name="testIsDiagonal_Case1" classname="linearalgebra.MatrixTest" time="0"/>
  <testcase name="testIsDiagonal_Case2" classname="linearalgebra.MatrixTest" time="0"/>
  <testcase name="testIsDiagonal_Case3" classname="linearalgebra.MatrixTest" time="0.001"/>
  <testcase name="testMinorMatrix" classname="linearalgebra.MatrixTest" time="0"/>
  <testcase name="testGetRowInvalidRow" classname="linearalgebra.MatrixTest" time="0.001"/>
  <testcase name="testIsSquare_Case1" classname="linearalgebra.MatrixTest" time="0"/>
  <testcase name="testIsSquare_Case2" classname="linearalgebra.MatrixTest" time="0"/>
  <testcase name="testGetRow" classname="linearalgebra.MatrixTest" time="0"/>
  <testcase name="testIsPermutationMatrix_Case1" classname="linearalgebra.MatrixTest" time="0"/>
  <testcase name="testIsPermutationMatrix_Case2" classname="linearalgebra.MatrixTest" time="0.001"/>
  <testcase name="testIsPermutationMatrix_Case3" classname="linearalgebra.MatrixTest" time="0"/>
  <testcase name="testSwapRows_Case1" classname="linearalgebra.MatrixTest" time="0"/>
  <testcase name="testSwapRows_Case2" classname="linearalgebra.MatrixTest" time="0.001"/>
  <testcase name="testSwapRows_Case3" classname="linearalgebra.MatrixTest" time="0"/>
  <testcase name="testSwapRows_Case4" classname="linearalgebra.MatrixTest" time="0"/>
  <testcase name="testSetEntry_InvalidColumn" classname="linearalgebra.MatrixTest" time="0"/>
  <testcase name="testDropRow" classname="linearalgebra.MatrixTest" time="0"/>
  <testcase name="testMinorMatrixInvalidRow" classname="linearalgebra.MatrixTest" time="0"/>
  <testcase name="testDropRowOutOfRange" classname="linearalgebra.MatrixTest" time="0"/>
  <testcase name="testSetRow_Vector_DiffRowLen" classname="linearalgebra.MatrixTest" time="0"/>
  <testcase name="testAdd_Exception" classname="linearalgebra.MatrixTest" time="0.001"/>
  <testcase name="testAddVectorToColumn_Case1" classname="linearalgebra.MatrixTest" time="0"/>
  <testcase name="testAddVectorToColumn_Case2" classname="linearalgebra.MatrixTest" time="0"/>
  <testcase name="testAddVectorToColumn_Case3" classname="linearalgebra.MatrixTest" time="0"/>
  <testcase name="testConstructor" classname="linearalgebra.MatrixTest" time="0"/>
  <testcase name="testSetEntry" classname="linearalgebra.MatrixTest" time="0.001"/>
  <testcase name="testSetRow_Array_IllegalInput" classname="linearalgebra.MatrixTest" time="0"/>
</testsuite>