<?xml version="1.0" encoding="UTF-8"?>
<testsuite xmlns:xsi="http://www.w3.org/2001/XMLSchema-instance" xsi:noNamespaceSchemaLocation="https://maven.apache.org/surefire/maven-surefire-plugin/xsd/surefire-test-report.xsd" name="linearalgebra.VectorTest" time="0.001" tests="47" errors="0" skipped="0" failures="0">
  <properties>
[...]
</properties>
  <testcase name="testAngleRadians" classname="linearalgebra.VectorTest" time="0"/>
  <testcase name="testOrthogonalProjection" classname="linearalgebra.VectorTest" time="0"/>
  <testcase name="testPNormException" classname="linearalgebra.VectorTest" time="0"/>
  <testcase name="testAdd" classname="linearalgebra.VectorTest" time="0"/>
  <testcase name="testDot" classname="linearalgebra.VectorTest" time="0"/>
  <testcase name="testCheckLengthsPositive" classname="linearalgebra.VectorTest" time="0"/>
  <testcase name="testSubtract" classname="linearalgebra.VectorTest" time="0"/>
  <testcase name="testVectorConstructor1" classname="linearalgebra.VectorTest" time="0"/>
  <testcase name="testVectorConstructor2" classname="linearalgebra.VectorTest" time="0"/>
  <testcase name="testAngleDegrees" classname="linearalgebra.VectorTest" time="0"/>
  <testcase name="testIdentityVector" classname="linearalgebra.VectorTest" time="0"/>
  <testcase name="testCheckLengthsNegative" classname="linearalgebra.VectorTest" time="0"/>
  <testcase name="testCross" classname="linearalgebra.VectorTest" time="0"/>
  <testcase name="testPNorm" classname="linearalgebra.VectorTest" time="0"/>
  <testcase name="testGet1" classname="linearalgebra.VectorTest" time="0"/>
  <testcase name="testGet2" classname="linearalgebra.VectorTest" time="0"/>
  <testcase name="testGet3" classname="linearalgebra.VectorTest" time="0"/>
  <testcase name="testSet1" classname="linearalgebra.VectorTest" time="0"/>
  <testcase name="testSet2" classname="linearalgebra.VectorTest" time="0"/>
  <testcase name="testSet3" classname="linearalgebra.VectorTest" time="0"/>
  <testcase name="testToString" classname="linearalgebra.VectorTest" time="0"/>
  <testcase name="testLinearCombination" classname="linearalgebra.VectorTest" time="0"/>
  <testcase name="testGetEntries1" classname="linearalgebra.VectorTest" time="0"/>
  <testcase name="testGetEntries2" classname="linearalgebra.VectorTest" time="0"/>
  <testcase name="testScalarTripleProduct" classname="linearalgebra.VectorTest" time="0.001"/>
  <testcase name="testOrthogonalProjectionException" classname="linearalgebra.VectorTest" time="0"/>
  <testcase name="testInverseVector1" classname="linearalgebra.VectorTest" time="0"/>
  <testcase name="testInverseVector2" classname="linearalgebra.VectorTest" time="0"/>
  <testcase name="testIsCanonicalBasisVectorPositive" classname="linearalgebra.VectorTest" time="0"/>
  <testcase name="testIsCanonicalBasisVectorNegative" classname="linearalgebra.VectorTest" time="0"/>
  <testcase name="testCopyConstructor1" classname="linearalgebra.VectorTest" time="0"/>
  <testcase name="testCopyConstructor2" classname="linearalgebra.VectorTest" time="0"/>
  <testcase name="testSetEntries" classname="linearalgebra.VectorTest" time="0"/>
  <testcase name="testIsZeroPositive" classname="linearalgebra.VectorTest" time="0"/>
  <testcase name="testCrossException1" classname="linearalgebra.VectorTest" time="0"/>
  <testcase name="testCrossException2" classname="linearalgebra.VectorTest" time="0"/>
  <testcase name="testNormalize" classname="linearalgebra.VectorTest" time="0"/>
  <testcase name="testIsZeroNegative" classname="linearalgebra.VectorTest" time="0"/>
  <testcase name="testSetException1" classname="linearalgebra.VectorTest" time="0"/>
  <testcase name="testSetException2" classname="linearalgebra.VectorTest" time="0"/>
  <testcase name="testNormalizeException" classname="linearalgebra.VectorTest" time="0"/>
  <testcase name="testMagnitude1" classname="linearalgebra.VectorTest" time="0"/>
  <testcase name="testMagnitude2" classname="linearalgebra.VectorTest" time="0"/>
  <testcase name="testLinearCombinationException" classname="linearalgebra.VectorTest" time="0"/>
  <testcase name="testMultiply" classname="linearalgebra.VectorTest" time="0"/>
  <testcase name="testLength" classname="linearalgebra.VectorTest" time="0"/>
  <testcase name="testOuterProduct" classname="linearalgebra.VectorTest" time="0"/>
</testsuite>