<?xml version="1.0" encoding="UTF-8"?>
<testsuite xmlns:xsi="http://www.w3.org/2001/XMLSchema-instance" xsi:noNamespaceSchemaLocation="https://maven.apache.org/surefire/maven-surefire-plugin/xsd/surefire-test-report.xsd" name="linearalgebra.VectorTest" time="0.05" tests="24" errors="1" skipped="0" failures="5">
  <properties>
[...]
</properties>
  <testcase name="testAngleRadians" classname="linearalgebra.VectorTest" time="0.001"/>
  <testcase name="testVectorConstructor" classname="linearalgebra.VectorTest" time="0"/>
  <testcase name="testOrthogonalProjection" classname="linearalgebra.VectorTest" time="0"/>
  <testcase name="testCopyConstructor" classname="linearalgebra.VectorTest" time="0"/>
  <testcase name="testAdd" classname="linearalgebra.VectorTest" time="0"/>
  <testcase name="testDot" classname="linearalgebra.VectorTest" time="0"/>
  <testcase name="testGet" classname="linearalgebra.VectorTest" time="0"/>
  <testcase name="testSet" classname="linearalgebra.VectorTest" time="0.005">
    <failure message="arrays first differed at element [0]; expected:&lt;1.0&gt; but was:&lt;0.0&gt;" type="org.junit.internal.ArrayComparisonFailure"><![CDATA[org.junit.internal.ArrayComparisonFailure: arrays first differed at element [0]; expected:<1.0> but was:<0.0>
	at linearalgebra.VectorTest.testSet(VectorTest.java:109)
]]></failure>
  </testcase>
  <testcase name="testMagnitude" classname="linearalgebra.VectorTest" time="0"/>
  <testcase name="testSubtract" classname="linearalgebra.VectorTest" time="0"/>
  <testcase name="testAngleDegrees" classname="linearalgebra.VectorTest" time="0.001"/>
  <testcase name="testGetEntries" classname="linearalgebra.VectorTest" time="0"/>
  <testcase name="testIdentityVector" classname="linearalgebra.VectorTest" time="0.001"/>
  <testcase name="testCross" classname="linearalgebra.VectorTest" time="0.001">
    <failure message="arrays first differed at element [2]; expected:&lt;0.0&gt; but was:&lt;1.0&gt;" type="org.junit.internal.ArrayComparisonFailure"><![CDATA[org.junit.internal.ArrayComparisonFailure: arrays first differed at element [2]; expected:<0.0> but was:<1.0>
	at linearalgebra.VectorTest.testCross(VectorTest.java:401)
]]></failure>
  </testcase>
  <testcase name="testPNorm" classname="linearalgebra.VectorTest" time="0.001">
    <failure message="expected:&lt;3.0&gt; but was:&lt;6.0&gt;" type="java.lang.AssertionError"><![CDATA[java.lang.AssertionError: expected:<3.0> but was:<6.0>
	at linearalgebra.VectorTest.testPNorm(VectorTest.java:297)
]]></failure>
  </testcase>
  <testcase name="testInverseVector" classname="linearalgebra.VectorTest" time="0"/>
  <testcase name="testLinearCombination" classname="linearalgebra.VectorTest" time="0.001">
    <failure message="arrays first differed at element [0]; expected:&lt;1.0&gt; but was:&lt;2.0&gt;" type="org.junit.internal.ArrayComparisonFailure"><![CDATA[org.junit.internal.ArrayComparisonFailure: arrays first differed at element [0]; expected:<1.0> but was:<2.0>
	at linearalgebra.VectorTest.testLinearCombination(VectorTest.java:491)
]]></failure>
  </testcase>
  <testcase name="testScalarTripleProduct" classname="linearalgebra.VectorTest" time="0"/>
  <testcase name="testIsCanonicalBasisVector" classname="linearalgebra.VectorTest" time="0.001"/>
  <testcase name="testSetEntries" classname="linearalgebra.VectorTest" time="0"/>
  <testcase name="testNormalize" classname="linearalgebra.VectorTest" time="0">
    <error type="java.lang.IllegalArgumentException">java.lang.IllegalArgumentException
	at linearalgebra.VectorTest.testNormalize(VectorTest.java:282)
</error>
  </testcase>
  <testcase name="testMultiply" classname="linearalgebra.VectorTest" time="0"/>
  <testcase name="testIsZero" classname="linearalgebra.VectorTest" time="0.001"/>
  <testcase name="testLength" classname="linearalgebra.VectorTest" time="0.001">
    <failure message="expected:&lt;0&gt; but was:&lt;3&gt;" type="java.lang.AssertionError"><![CDATA[java.lang.AssertionError: expected:<0> but was:<3>
	at linearalgebra.VectorTest.testLength(VectorTest.java:240)
]]></failure>
  </testcase>
</testsuite>